[14:57:05] [main/WARN]: Ambiguity between arguments [teleport, destination] and [teleport, targets] with inputs: [Player, 0123, @e, dd12be42-52a9-4a91-a8a1-11c01849e498]
[14:57:05] [main/WARN]: Ambiguity between arguments [teleport, location] and [teleport, destination] with inputs: [0.1 -0.5 .9, 0 0 0]
[14:57:05] [main/WARN]: Ambiguity between arguments [teleport, location] and [teleport, targets] with inputs: [0.1 -0.5 .9, 0 0 0]
[14:57:05] [main/WARN]: Ambiguity between arguments [teleport, targets] and [teleport, destination] with inputs: [Player, 0123, dd12be42-52a9-4a91-a8a1-11c01849e498]
[14:57:05] [main/WARN]: Ambiguity between arguments [teleport, targets, location] and [teleport, targets, destination] with inputs: [0.1 -0.5 .9, 0 0 0]
[14:57:05] [Server thread/INFO]: Starting minecraft server version 1.14.4
[14:57:05] [Server thread/INFO]: Loading properties
[14:57:05] [Server thread/INFO]: Default game type: CREATIVE
[14:57:05] [Server thread/INFO]: Generating keypair
[14:57:06] [Server thread/INFO]: Starting Minecraft server on *:25565
[14:57:06] [Server thread/INFO]: Using default channel type
[14:57:06] [Server thread/INFO]: Preparing level "world"
[14:57:07] [Server thread/INFO]: Reloading ResourceManager: Default
[14:57:38] [Server thread/INFO]: Loaded 6 recipes
[14:57:40] [Server thread/INFO]: Loaded 811 advancements
[14:57:40] [Server thread/INFO]: Preparing start region for dimension minecraft:overworld
[14:57:43] [Server thread/INFO]: Preparing spawn area: 0%
[14:57:43] [Server thread/INFO]: Preparing spawn area: 0%
[14:57:43] [Server thread/INFO]: Preparing spawn area: 0%
[14:57:43] [Server thread/INFO]: Preparing spawn area: 0%
[14:57:43] [Server thread/INFO]: Preparing spawn area: 0%
[14:57:43] [Server thread/INFO]: Preparing spawn area: 0%
[14:57:43] [Server thread/INFO]: Preparing spawn area: 0%
[14:57:43] [Server thread/INFO]: Preparing spawn area: 0%
[14:57:44] [Server thread/INFO]: Preparing spawn area: 0%
[14:57:44] [Server thread/INFO]: Preparing spawn area: 72%
[14:57:48] [Server thread/INFO]: Time elapsed: 8503 ms
[14:57:48] [Server thread/INFO]: Done (42.042s)! For help, type "help"
[14:58:15] [User Authenticator #1/INFO]: UUID of player ourfunfamily3 is 2e4e121d-c129-4f0a-b86a-283a9fa8d4cb
[14:58:15] [Server thread/INFO]: ourfunfamily3[/127.0.0.1:63819] logged in with entity id 121 at (173.2505279703538, 116.0, 42.245784346193446)
[14:58:15] [Server thread/INFO]: ourfunfamily3 joined the game
[14:58:24] [Server thread/WARN]: Can't keep up! Is the server overloaded? Running 2029ms or 40 ticks behind
[14:58:43] [Server thread/WARN]: Can't keep up! Is the server overloaded? Running 4081ms or 81 ticks behind
[14:59:05] [User Authenticator #2/INFO]: UUID of player ourfunfamily is 181f37dd-c706-49e3-82d3-885785af884a
[14:59:05] [Server thread/INFO]: ourfunfamily[/192.168.1.130:57822] logged in with entity id 461 at (172.3800993017486, 116.0, 41.497749133189394)
[14:59:06] [Server thread/INFO]: ourfunfamily joined the game
[14:59:20] [Server thread/INFO]: [ourfunfamily: Set the time to 1000]
[14:59:37] [Server thread/INFO]: [ourfunfamily3: Teleported ourfunfamily3 to ourfunfamily]
[15:00:07] [Server thread/INFO]: ourfunfamily fell from a high place
[15:00:18] [Server thread/INFO]: [ourfunfamily: Teleported ourfunfamily to ourfunfamily3]
[15:00:47] [Server thread/INFO]: [ourfunfamily: Teleported ourfunfamily to ourfunfamily3]
[15:00:47] [Server thread/WARN]: ourfunfamily moved too quickly! -25.389366558453673,31.0,-34.75124181369753
[15:01:03] [Server thread/INFO]: ourfunfamily3 fell from a high place
[15:01:09] [Server thread/INFO]: [ourfunfamily3: Teleported ourfunfamily3 to ourfunfamily]
[15:01:43] [Server thread/INFO]: ourfunfamily3 fell from a high place
[15:01:48] [Server thread/INFO]: [ourfunfamily3: Teleported ourfunfamily3 to ourfunfamily]
[15:01:48] [Server thread/WARN]: ourfunfamily3 moved too quickly! 105.69507934135189,14.87418687874468,-13.130330916696064
[15:02:19] [Server thread/INFO]: ourfunfamily was shot by ourfunfamily3
[15:02:43] [Server thread/INFO]: [ourfunfamily: Set own game mode to Creative Mode]
[15:02:59] [Server thread/WARN]: Can't keep up! Is the server overloaded? Running 4086ms or 81 ticks behind
[15:03:04] [Server thread/INFO]: [ourfunfamily3: Teleported ourfunfamily3 to ourfunfamily]
[15:03:04] [Server thread/WARN]: ourfunfamily3 moved too quickly! 4.489317406412141,44.0,20.613147142384513
[15:03:16] [Server thread/INFO]: ourfunfamily3 fell from a high place
[15:03:21] [Server thread/INFO]: [ourfunfamily3: Teleported ourfunfamily3 to ourfunfamily]
[15:03:57] [Server thread/INFO]: [ourfunfamily3: Teleported ourfunfamily3 to ourfunfamily]
[15:03:57] [Server thread/WARN]: ourfunfamily3 moved too quickly! -22.933617746612185,34.0,14.277634649893255
[15:04:32] [Server thread/INFO]: ourfunfamily3 fell from a high place
[15:04:38] [Server thread/INFO]: [ourfunfamily3: Teleported ourfunfamily3 to ourfunfamily]
[15:04:38] [Server thread/WARN]: ourfunfamily3 moved too quickly! 96.88843613434778,46.6249998,10.135009636584934
[15:05:25] [Server thread/INFO]: ourfunfamily3 was slain by ourfunfamily
[15:05:31] [Server thread/INFO]: [ourfunfamily3: Teleported ourfunfamily3 to ourfunfamily]
[15:06:46] [Server thread/INFO]: ourfunfamily3 burned to death
[15:06:52] [Server thread/INFO]: [ourfunfamily3: Teleported ourfunfamily3 to ourfunfamily]
[15:08:34] [Server thread/INFO]: ourfunfamily was slain by Enderman
[15:08:39] [Server thread/INFO]: [ourfunfamily: Teleported ourfunfamily to ourfunfamily3]
[15:08:44] [Server thread/INFO]: ourfunfamily3 was burnt to a crisp whilst fighting ourfunfamily
[15:08:48] [Server thread/INFO]: [ourfunfamily3: Teleported ourfunfamily3 to ourfunfamily]
[15:08:48] [Server thread/WARN]: ourfunfamily3 moved too quickly! 95.87300312596062,46.6249998,35.42150773687491
[15:11:00] [Server thread/INFO]: ourfunfamily3 was slain by ourfunfamily
[15:11:04] [Server thread/INFO]: [ourfunfamily3: Teleported ourfunfamily3 to ourfunfamily]
[15:11:04] [Server thread/WARN]: ourfunfamily3 moved too quickly! 96.94983008375718,46.6249998,7.580718137095651
[15:11:16] [Server thread/INFO]: [ourfunfamily: Set own game mode to Creative Mode]
[15:12:01] [Server thread/INFO]: ourfunfamily fell from a high place
[15:12:07] [Server thread/INFO]: [ourfunfamily: Set own game mode to Creative Mode]
[15:12:26] [Server thread/INFO]: [ourfunfamily: Applied effect Wither to ourfunfamily3]
[15:12:33] [Server thread/INFO]: [ourfunfamily3: Set own game mode to Creative Mode]
[15:12:40] [Server thread/INFO]: ourfunfamily3 fell out of the world
[15:12:40] [Server thread/INFO]: [ourfunfamily: Killed ourfunfamily3]
[15:13:19] [Server thread/INFO]: ourfunfamily3 fell out of the world
[15:13:19] [Server thread/INFO]: [ourfunfamily: Killed ourfunfamily3]
[15:13:23] [Server thread/INFO]: [ourfunfamily3: Teleported ourfunfamily3 to ourfunfamily]
[15:13:23] [Server thread/WARN]: ourfunfamily3 moved too quickly! 99.05793793604491,46.6249998,7.80712002147407
[15:13:39] [Server thread/INFO]: [ourfunfamily: Set own game mode to Creative Mode]
[15:14:28] [Server thread/INFO]: [ourfunfamily: Set own game mode to Creative Mode]
[15:15:10] [Server thread/INFO]: [ourfunfamily: Set own game mode to Creative Mode]
[15:15:37] [Server thread/INFO]: [ourfunfamily: Set own game mode to Creative Mode]
[15:16:27] [Server thread/INFO]: [ourfunfamily: Set the time to 1000]
[15:17:31] [Server thread/INFO]: ourfunfamily3 hit the ground too hard
[15:17:35] [Server thread/INFO]: [ourfunfamily3: Teleported ourfunfamily3 to ourfunfamily]
[15:17:35] [Server thread/WARN]: ourfunfamily3 moved too quickly! 98.91941856196067,46.6249998,26.895957112930944
[15:18:14] [Server thread/INFO]: [ourfunfamily: Successfully filled 31 blocks]
[15:19:14] [Server thread/INFO]: ourfunfamily3 was slain by ourfunfamily
[15:19:18] [Server thread/INFO]: [ourfunfamily3: Teleported ourfunfamily3 to ourfunfamily]
[15:19:18] [Server thread/WARN]: ourfunfamily3 moved too quickly! 154.93864472459768,24.624999799999998,14.019968900959757
[15:19:22] [Server thread/INFO]: ourfunfamily was slain by ourfunfamily3
[15:19:30] [Server thread/INFO]: [ourfunfamily: Teleported ourfunfamily to ourfunfamily3]
[15:19:35] [Server thread/INFO]: [ourfunfamily3: Set own game mode to Creative Mode]
[15:19:53] [Server thread/INFO]: [ourfunfamily3: Set spawn point to 163, 116, 28 for ourfunfamily3]
[15:19:55] [Server thread/INFO]: ourfunfamily hit the ground too hard whilst trying to escape Skeleton
[15:20:02] [Server thread/INFO]: [ourfunfamily3: Set spawn point to 172, 116, 41 for ourfunfamily3]
[15:20:17] [Server thread/INFO]: [ourfunfamily: Teleported ourfunfamily to ourfunfamily3]
[15:20:53] [Server thread/INFO]: ourfunfamily was shot by ourfunfamily3
[15:20:58] [Server thread/INFO]: [ourfunfamily: Teleported ourfunfamily to ourfunfamily3]
[15:21:01] [Server thread/INFO]: ourfunfamily3 was slain by ourfunfamily
[15:21:27] [Server thread/INFO]: ourfunfamily fell from a high place
[15:21:32] [Server thread/INFO]: [ourfunfamily: Teleported ourfunfamily to ourfunfamily3]
[15:22:05] [Server thread/INFO]: ourfunfamily3 fell from a high place
[15:22:31] [Server thread/INFO]: ourfunfamily was shot by Skeleton
[15:22:36] [Server thread/INFO]: [ourfunfamily: Teleported ourfunfamily to ourfunfamily3]
[15:22:36] [Server thread/WARN]: ourfunfamily moved too quickly! 166.70751328868838,42.9999998,96.17297341218625
[15:22:57] [Server thread/INFO]: ourfunfamily burned to death
[15:23:01] [Server thread/WARN]: Can't keep up! Is the server overloaded? Running 2030ms or 40 ticks behind
[15:23:04] [Server thread/INFO]: [ourfunfamily: Teleported ourfunfamily to ourfunfamily3]
[15:24:05] [Server thread/INFO]: ourfunfamily3 was slain by ourfunfamily
[15:25:10] [Server thread/INFO]: [ourfunfamily: Set own game mode to Creative Mode]
[15:25:23] [Server thread/INFO]: ourfunfamily fell from a high place
[15:25:33] [Server thread/INFO]: [ourfunfamily: Teleported ourfunfamily to ourfunfamily3]
[15:25:33] [Server thread/WARN]: ourfunfamily moved too quickly! 173.8047377452189,42.9999998,90.87978628798132
[15:25:36] [Server thread/INFO]: [ourfunfamily: Set own game mode to Creative Mode]
[15:26:27] [Server thread/INFO]: [ourfunfamily: Set own game mode to Creative Mode]
[15:26:47] [Server thread/INFO]: ourfunfamily3 fell from a high place
[15:27:17] [Server thread/INFO]: ourfunfamily3 was slain by ourfunfamily
[15:27:57] [Server thread/INFO]: [ourfunfamily: Applied effect Night Vision to 2 targets]
[15:28:16] [Server thread/INFO]: ourfunfamily3 hit the ground too hard whilst trying to escape ourfunfamily
[15:28:50] [Server thread/INFO]: ourfunfamily was slain by ourfunfamily3
[15:28:58] [Server thread/INFO]: [ourfunfamily: Teleported ourfunfamily to ourfunfamily3]
[15:29:03] [Server thread/INFO]: ourfunfamily3 fell from a high place
[15:29:07] [Server thread/INFO]: [ourfunfamily3: Teleported ourfunfamily3 to ourfunfamily]
[15:29:07] [Server thread/WARN]: ourfunfamily3 moved too quickly! 0.6710689571661135,1.1661092609382138,-23.987820341095933
[15:29:22] [Server thread/INFO]: ourfunfamily3 hit the ground too hard whilst trying to escape ourfunfamily
[15:29:30] [Server thread/INFO]: [ourfunfamily: Set own game mode to Creative Mode]
[15:29:35] [Server thread/INFO]: ourfunfamily3 lost connection: Disconnected
[15:29:35] [Server thread/INFO]: ourfunfamily3 left the game
[15:32:00] [Server thread/INFO]: [ourfunfamily: Set own game mode to Creative Mode]
[15:32:42] [Server thread/INFO]: [ourfunfamily: Set own game mode to Spectator Mode]
[15:33:05] [Server thread/INFO]: [ourfunfamily: Set own game mode to Creative Mode]
[15:35:09] [Server thread/INFO]: [ourfunfamily: Set own game mode to Creative Mode]
[15:39:11] [Server thread/INFO]: ourfunfamily lost connection: Disconnected
[15:39:11] [Server thread/INFO]: ourfunfamily left the game
[16:57:48] [Server thread/INFO]: Stopping the server
[16:57:48] [Server thread/INFO]: Stopping server
[16:57:48] [Server thread/INFO]: Saving players
[16:57:48] [Server thread/INFO]: Saving worlds
[16:57:48] [Server thread/INFO]: Saving chunks for level 'world'/minecraft:the_nether
[16:57:48] [Server thread/INFO]: ThreadedAnvilChunkStorage (DIM-1): All chunks are saved
[16:57:48] [Server thread/INFO]: Saving chunks for level 'world'/minecraft:overworld
[16:57:48] [Server thread/INFO]: ThreadedAnvilChunkStorage (world): All chunks are saved
[16:57:48] [Server thread/INFO]: Saving chunks for level 'world'/minecraft:the_end
[16:57:48] [Server thread/INFO]: ThreadedAnvilChunkStorage (DIM1): All chunks are saved
[16:57:48] [Server thread/INFO]: ThreadedAnvilChunkStorage (DIM-1): All chunks are saved
[16:57:48] [Server thread/INFO]: ThreadedAnvilChunkStorage (world): All chunks are saved
[16:57:48] [Server thread/INFO]: ThreadedAnvilChunkStorage (DIM1): All chunks are saved
