[10:01:02] [main/WARN]: Ambiguity between arguments [teleport, location] and [teleport, destination] with inputs: [0.1 -0.5 .9, 0 0 0]
[10:01:02] [main/WARN]: Ambiguity between arguments [teleport, location] and [teleport, targets] with inputs: [0.1 -0.5 .9, 0 0 0]
[10:01:02] [main/WARN]: Ambiguity between arguments [teleport, targets] and [teleport, destination] with inputs: [Player, 0123, dd12be42-52a9-4a91-a8a1-11c01849e498]
[10:01:02] [main/WARN]: Ambiguity between arguments [teleport, targets, location] and [teleport, targets, destination] with inputs: [0.1 -0.5 .9, 0 0 0]
[10:01:02] [Server thread/INFO]: Starting minecraft server version 1.15.2
[10:01:02] [Server thread/INFO]: Loading properties
[10:01:02] [Server thread/INFO]: Default game type: CREATIVE
[10:01:02] [Server thread/INFO]: Generating keypair
[10:01:03] [Server thread/INFO]: Starting Minecraft server on *:25565
[10:01:03] [Server thread/INFO]: Using default channel type
[10:01:04] [Server thread/INFO]: Preparing level "world"
[10:01:04] [Server thread/INFO]: Reloading ResourceManager: Default
[10:01:33] [Server thread/INFO]: Loaded 6 recipes
[10:01:34] [Server thread/INFO]: Loaded 825 advancements
[10:01:34] [Server thread/INFO]: Preparing start region for dimension minecraft:overworld
[10:01:37] [Server thread/INFO]: Preparing spawn area: 0%
[10:01:37] [Server thread/INFO]: Preparing spawn area: 0%
[10:01:37] [Server thread/INFO]: Preparing spawn area: 0%
[10:01:37] [Server thread/INFO]: Preparing spawn area: 0%
[10:01:37] [Server thread/INFO]: Preparing spawn area: 0%
[10:01:37] [Server thread/INFO]: Preparing spawn area: 0%
[10:01:38] [Server thread/INFO]: Time elapsed: 3738 ms
[10:01:38] [Server thread/INFO]: Done (34.024s)! For help, type "help"
[10:02:09] [User Authenticator #1/INFO]: UUID of player ourfunfamily2 is 4fe4f51d-e8c9-45be-83f9-03d982505500
[10:02:10] [Server thread/INFO]: ourfunfamily2[/192.168.1.130:58456] logged in with entity id 181 at (-389.27286052274854, 65.0, 162.6536589912683)
[10:02:10] [Server thread/INFO]: ourfunfamily2 joined the game
[10:03:59] [Server thread/INFO]: ourfunfamily2 has made the advancement [Fishy Business]
[10:08:54] [User Authenticator #2/INFO]: UUID of player ourfunfamily is 181f37dd-c706-49e3-82d3-885785af884a
[10:08:54] [Server thread/INFO]: ourfunfamily[/127.0.0.1:57186] logged in with entity id 1356 at (-436.3452814824367, 64.0, 209.403234126951)
[10:08:54] [Server thread/INFO]: ourfunfamily joined the game
[10:12:01] [Server thread/INFO]: [ourfunfamily: Teleported ourfunfamily to ourfunfamily2]
[10:24:44] [Server thread/INFO]: [ourfunfamily2: Set own game mode to Creative Mode]
[10:26:22] [Server thread/INFO]: ourfunfamily2 has made the advancement [Cover Me With Diamonds]
[10:29:19] [Server thread/INFO]: [ourfunfamily: Set own game mode to Creative Mode]
[10:29:37] [Server thread/INFO]: ourfunfamily lost connection: Disconnected
[10:29:37] [Server thread/INFO]: ourfunfamily left the game
[10:29:59] [Server thread/INFO]: ourfunfamily2 lost connection: Disconnected
[10:29:59] [Server thread/INFO]: ourfunfamily2 left the game
[10:30:02] [Server thread/INFO]: Stopping the server
[10:30:02] [Server thread/INFO]: Stopping server
[10:30:02] [Server thread/INFO]: Saving players
[10:30:02] [Server thread/INFO]: Saving worlds
[10:30:02] [Server thread/INFO]: Saving chunks for level 'world'/minecraft:the_nether
[10:30:02] [Server thread/INFO]: ThreadedAnvilChunkStorage (DIM-1): All chunks are saved
[10:30:02] [Server thread/INFO]: Saving chunks for level 'world'/minecraft:overworld
[10:30:02] [Server thread/INFO]: ThreadedAnvilChunkStorage (world): All chunks are saved
[10:30:02] [Server thread/INFO]: Saving chunks for level 'world'/minecraft:the_end
[10:30:03] [Server thread/INFO]: ThreadedAnvilChunkStorage (DIM1): All chunks are saved
[10:30:03] [Server thread/INFO]: ThreadedAnvilChunkStorage (DIM-1): All chunks are saved
[10:30:03] [Server thread/INFO]: ThreadedAnvilChunkStorage (world): All chunks are saved
[10:30:03] [Server thread/INFO]: ThreadedAnvilChunkStorage (DIM1): All chunks are saved
