[08:41:46] [main/WARN]: Ambiguity between arguments [teleport, location] and [teleport, destination] with inputs: [0.1 -0.5 .9, 0 0 0]
[08:41:46] [main/WARN]: Ambiguity between arguments [teleport, location] and [teleport, targets] with inputs: [0.1 -0.5 .9, 0 0 0]
[08:41:46] [main/WARN]: Ambiguity between arguments [teleport, targets] and [teleport, destination] with inputs: [Player, 0123, dd12be42-52a9-4a91-a8a1-11c01849e498]
[08:41:46] [main/WARN]: Ambiguity between arguments [teleport, targets, location] and [teleport, targets, destination] with inputs: [0.1 -0.5 .9, 0 0 0]
[08:41:47] [Server thread/INFO]: Starting minecraft server version 1.14.4
[08:41:47] [Server thread/INFO]: Loading properties
[08:41:47] [Server thread/INFO]: Default game type: CREATIVE
[08:41:47] [Server thread/INFO]: Generating keypair
[08:41:47] [Server thread/INFO]: Starting Minecraft server on *:25565
[08:41:47] [Server thread/INFO]: Using default channel type
[08:41:47] [Server thread/INFO]: Preparing level "world"
[08:41:47] [Server thread/INFO]: Reloading ResourceManager: Default
[08:42:06] [Server thread/INFO]: Loaded 6 recipes
[08:42:06] [Server thread/INFO]: Loaded 811 advancements
[08:42:06] [Server thread/INFO]: Preparing start region for dimension minecraft:overworld
[08:42:09] [Server thread/INFO]: Preparing spawn area: 0%
[08:42:09] [Server thread/INFO]: Preparing spawn area: 0%
[08:42:09] [Server thread/INFO]: Preparing spawn area: 0%
[08:42:09] [Server thread/INFO]: Preparing spawn area: 0%
[08:42:09] [Server thread/INFO]: Preparing spawn area: 0%
[08:42:09] [Server thread/INFO]: Preparing spawn area: 0%
[08:42:10] [Server thread/INFO]: Preparing spawn area: 0%
[08:42:10] [Server thread/INFO]: Time elapsed: 3723 ms
[08:42:10] [Server thread/INFO]: Done (22.688s)! For help, type "help"
[08:46:59] [Server thread/INFO]: Stopping the server
[08:46:59] [Server thread/INFO]: Stopping server
[08:46:59] [Server thread/INFO]: Saving players
[08:46:59] [Server thread/INFO]: Saving worlds
[08:46:59] [Server thread/INFO]: Saving chunks for level 'world'/minecraft:the_end
[08:46:59] [Server thread/INFO]: ThreadedAnvilChunkStorage (DIM1): All chunks are saved
[08:46:59] [Server thread/INFO]: Saving chunks for level 'world'/minecraft:the_nether
[08:46:59] [Server thread/INFO]: ThreadedAnvilChunkStorage (DIM-1): All chunks are saved
[08:46:59] [Server thread/INFO]: Saving chunks for level 'world'/minecraft:overworld
[08:47:00] [Server thread/INFO]: ThreadedAnvilChunkStorage (world): All chunks are saved
[08:47:00] [Server thread/INFO]: ThreadedAnvilChunkStorage (DIM1): All chunks are saved
[08:47:00] [Server thread/INFO]: ThreadedAnvilChunkStorage (DIM-1): All chunks are saved
[08:47:00] [Server thread/INFO]: ThreadedAnvilChunkStorage (world): All chunks are saved
