[07:31:22] [main/WARN]: Ambiguity between arguments [teleport, destination] and [teleport, targets] with inputs: [Player, 0123, @e, dd12be42-52a9-4a91-a8a1-11c01849e498]
[07:31:22] [main/WARN]: Ambiguity between arguments [teleport, location] and [teleport, destination] with inputs: [0.1 -0.5 .9, 0 0 0]
[07:31:22] [main/WARN]: Ambiguity between arguments [teleport, location] and [teleport, targets] with inputs: [0.1 -0.5 .9, 0 0 0]
[07:31:22] [main/WARN]: Ambiguity between arguments [teleport, targets] and [teleport, destination] with inputs: [Player, 0123, dd12be42-52a9-4a91-a8a1-11c01849e498]
[07:31:22] [main/WARN]: Ambiguity between arguments [teleport, targets, location] and [teleport, targets, destination] with inputs: [0.1 -0.5 .9, 0 0 0]
[07:31:23] [Server thread/INFO]: Starting minecraft server version 1.15
[07:31:23] [Server thread/INFO]: Loading properties
[07:31:23] [Server thread/INFO]: Default game type: CREATIVE
[07:31:23] [Server thread/INFO]: Generating keypair
[07:31:23] [Server thread/INFO]: Starting Minecraft server on *:25565
[07:31:23] [Server thread/INFO]: Using default channel type
[07:31:24] [Server thread/INFO]: Preparing level "world"
[07:31:25] [Server thread/INFO]: Reloading ResourceManager: Default
[07:31:55] [Server thread/INFO]: Loaded 6 recipes
[07:31:56] [Server thread/INFO]: Loaded 825 advancements
[07:31:56] [Server thread/INFO]: Preparing start region for dimension minecraft:overworld
[07:31:58] [Server thread/INFO]: Preparing spawn area: 0%
[07:31:58] [Server thread/INFO]: Preparing spawn area: 0%
[07:31:58] [Server thread/INFO]: Preparing spawn area: 0%
[07:31:58] [Server thread/INFO]: Preparing spawn area: 0%
[07:31:58] [Server thread/INFO]: Preparing spawn area: 0%
[07:32:01] [Server thread/INFO]: Preparing spawn area: 0%
[07:32:01] [Server thread/INFO]: Preparing spawn area: 0%
[07:32:01] [Server thread/INFO]: Preparing spawn area: 0%
[07:32:01] [Server thread/INFO]: Preparing spawn area: 0%
[07:32:01] [Server thread/INFO]: Preparing spawn area: 83%
[07:32:02] [Server thread/INFO]: Time elapsed: 5646 ms
[07:32:02] [Server thread/INFO]: Done (37.875s)! For help, type "help"
[07:33:16] [User Authenticator #1/INFO]: UUID of player ourfunfamily3 is 2e4e121d-c129-4f0a-b86a-283a9fa8d4cb
[07:33:16] [Server thread/INFO]: ourfunfamily3[/192.168.1.165:51622] logged in with entity id 136 at (158.098733191887, 116.0, 29.930351768594313)
[07:33:16] [Server thread/INFO]: ourfunfamily3 joined the game
[07:33:26] [Server thread/INFO]: [ourfunfamily3: Set own game mode to Creative Mode]
[07:37:03] [User Authenticator #2/INFO]: UUID of player ourfunfamily is 181f37dd-c706-49e3-82d3-885785af884a
[07:37:05] [Server thread/WARN]: Can't keep up! Is the server overloaded? Running 3030ms or 60 ticks behind
[07:37:05] [Server thread/INFO]: ourfunfamily[/192.168.1.164:62067] logged in with entity id 1188 at (175.2269602813063, 111.20000004768372, -1.8153125898147517)
[07:37:06] [Server thread/INFO]: ourfunfamily joined the game
[07:37:23] [Server thread/INFO]: [ourfunfamily: Teleported ourfunfamily to 172.41886943886942, 116.0, 43.74739385768007]
[07:38:08] [Server thread/INFO]: ourfunfamily was shot by ourfunfamily3
[07:38:15] [Server thread/INFO]: [ourfunfamily: Teleported ourfunfamily to ourfunfamily3]
[07:39:57] [Server thread/INFO]: ourfunfamily3 went up in flames
[07:40:54] [Server thread/INFO]: ourfunfamily3 was slain by ourfunfamily
[07:42:12] [Server thread/INFO]: ourfunfamily3 was slain by ourfunfamily
[07:42:23] [Server thread/INFO]: [ourfunfamily: Set spawn point to 172, 116, 13 for ourfunfamily]
[07:42:58] [Server thread/INFO]: ourfunfamily fell from a high place
[07:43:12] [Server thread/INFO]: [ourfunfamily: Summoned new Wolf]
[07:43:24] [Server thread/INFO]: [ourfunfamily: Gave 64 [Bone] to ourfunfamily]
[07:43:46] [Server thread/INFO]: [ourfunfamily: Gave 64 [Wolf Spawn Egg] to ourfunfamily]
[07:44:39] [Server thread/INFO]: [ourfunfamily: Killed 9 entities]
[07:45:05] [Server thread/INFO]: ourfunfamily3 was slain by ourfunfamily
[07:45:15] [Server thread/INFO]: [ourfunfamily: Set own game mode to Creative Mode]
[07:45:35] [Server thread/INFO]: [ourfunfamily: Killed Fishing Bobber]
[07:46:03] [Server thread/INFO]: [ourfunfamily: Set the time to 1000]
[07:46:52] [Server thread/INFO]: [ourfunfamily: Set own game mode to Creative Mode]
[07:47:54] [Server thread/INFO]: [ourfunfamily: Set own game mode to Creative Mode]
[07:48:55] [Server thread/INFO]: ourfunfamily was shot by Skeleton
[07:49:31] [Server thread/INFO]: ourfunfamily3 fell from a high place
[07:49:39] [Server thread/INFO]: [ourfunfamily: Set own game mode to Creative Mode]
[07:50:03] [Server thread/INFO]: ourfunfamily3 fell from a high place
[07:50:19] [Server thread/INFO]: [ourfunfamily: Set own game mode to Creative Mode]
[07:52:12] [Server thread/INFO]: ourfunfamily fell out of the world
[07:52:12] [Server thread/INFO]: ourfunfamily3 fell out of the world
[07:52:12] [Server thread/INFO]: [ourfunfamily3: Killed 2 entities]
[07:54:00] [Server thread/INFO]: ourfunfamily3 lost connection: Disconnected
[07:54:00] [Server thread/INFO]: ourfunfamily3 left the game
[07:55:24] [Server thread/INFO]: [ourfunfamily: Set own game mode to Creative Mode]
[07:56:37] [Server thread/INFO]: [ourfunfamily: Applied effect Night Vision to ourfunfamily]
[07:56:52] [Server thread/INFO]: [ourfunfamily: Set own game mode to Creative Mode]
[07:57:10] [Server thread/INFO]: [ourfunfamily: Set own game mode to Creative Mode]
[07:57:42] [Server thread/INFO]: [ourfunfamily: Set own game mode to Creative Mode]
[07:58:09] [Server thread/INFO]: [ourfunfamily: Set own game mode to Creative Mode]
[07:59:17] [Server thread/INFO]: [ourfunfamily: Set own game mode to Creative Mode]
[07:59:48] [Server thread/INFO]: [ourfunfamily: Set own game mode to Creative Mode]
[08:00:08] [Server thread/INFO]: ourfunfamily lost connection: Disconnected
[08:00:08] [Server thread/INFO]: ourfunfamily left the game
[08:00:38] [Server thread/INFO]: Unknown command
[08:00:38] [Server thread/INFO]: git stop<--[HERE]
[10:01:26] [Server thread/INFO]: Unknown command
[10:01:26] [Server thread/INFO]: sto<--[HERE]
[10:01:28] [Server thread/INFO]: Stopping the server
[10:01:28] [Server thread/INFO]: Stopping server
[10:01:28] [Server thread/INFO]: Saving players
[10:01:28] [Server thread/INFO]: Saving worlds
[10:01:28] [Server thread/INFO]: Saving chunks for level 'world'/minecraft:the_nether
[10:01:28] [Server thread/INFO]: ThreadedAnvilChunkStorage (DIM-1): All chunks are saved
[10:01:28] [Server thread/INFO]: Saving chunks for level 'world'/minecraft:overworld
[10:01:28] [Server thread/INFO]: ThreadedAnvilChunkStorage (world): All chunks are saved
[10:01:28] [Server thread/INFO]: Saving chunks for level 'world'/minecraft:the_end
[10:01:28] [Server thread/INFO]: ThreadedAnvilChunkStorage (DIM1): All chunks are saved
[10:01:28] [Server thread/INFO]: ThreadedAnvilChunkStorage (DIM-1): All chunks are saved
[10:01:28] [Server thread/INFO]: ThreadedAnvilChunkStorage (world): All chunks are saved
[10:01:28] [Server thread/INFO]: ThreadedAnvilChunkStorage (DIM1): All chunks are saved
